<?xml version="1.0" encoding="UTF-8"?>
<!-- Generated by org.testng.reporters.JUnitReportReporter -->
<testsuite skipped="0" hostname="LAPTOP-FVVDGB96" name="testpackmavenZerodha.Testclass" tests="1" failures="0" timestamp="2020-03-31T12:45:40 IST" time="76.790" errors="0">
  <testcase name="property" time="76.790" classname="testpackmavenZerodha.Testclass"/>
  <system-out/>
</testsuite> <!-- testpackmavenZerodha.Testclass -->
